<?xml version="1.0" encoding="UTF-8"?>
<!-- Generated by org.testng.reporters.JUnitXMLReporter -->
<testsuite hostname="DESKTOP-LV43S8E" name="Test" tests="10" failures="3" timestamp="27 Sep 2021 03:58:10 GMT" time="340.038" errors="0">
  <testcase name="runScenario" time="67.331" classname="com.urbanladder.runner.runner">
    <failure type="java.lang.NullPointerException">
      <![CDATA[java.lang.NullPointerException
	at com.urbanladder.stepDefinition.stepDefination1.user_enter_username_as_something_and_password_as_something(stepDefination1.java:85)
	at ✽.User enter username as "dumpofr@gmail.com" and password as "comprehensive"(file:///C:/Users/Lenovo/eclipse-workspace/laddercucumber/features/UrbanLadder.feature:7)
]]>
    </failure>
  </testcase> <!-- runScenario -->
  <testcase name="runScenario" time="25.246" classname="com.urbanladder.runner.runner">
    <failure type="java.lang.NullPointerException">
      <![CDATA[java.lang.NullPointerException
	at com.urbanladder.stepDefinition.stepDefination2.dining_table_page_is_displayed(stepDefination2.java:80)
	at ✽.dining table page is displayed(file:///C:/Users/Lenovo/eclipse-workspace/laddercucumber/features/UrbanLadder.feature:14)
]]>
    </failure>
  </testcase> <!-- runScenario -->
  <testcase name="runScenario" time="32.413" classname="com.urbanladder.runner.runner">
    <failure type="java.lang.NullPointerException">
      <![CDATA[java.lang.NullPointerException
	at com.urbanladder.stepDefinition.stepDefination3.it_is_verified_whether_sale_page_is_displayed(stepDefination3.java:87)
	at ✽.It is verified whether sale page is displayed(file:///C:/Users/Lenovo/eclipse-workspace/laddercucumber/features/UrbanLadder.feature:20)
]]>
    </failure>
  </testcase> <!-- runScenario -->
  <testcase name="runScenario" time="118.168" classname="com.urbanladder.runner.runner"/>
  <testcase name="runScenario" time="41.442" classname="com.urbanladder.runner.runner"/>
  <testcase name="runScenario" time="12.621" classname="com.urbanladder.runner.runner"/>
  <testcase name="runScenario" time="8.974" classname="com.urbanladder.runner.runner"/>
  <testcase name="runScenario" time="9.658" classname="com.urbanladder.runner.runner"/>
  <testcase name="runScenario" time="16.318" classname="com.urbanladder.runner.runner"/>
  <testcase name="runScenario" time="7.239" classname="com.urbanladder.runner.runner"/>
</testsuite> <!-- Test -->
